This is pdfeTeX, Version 3.141592-1.21a-2.2 (Web2C 7.5.4) (format=latex 2006.2.2)  25 JUL 2006 22:36
entering extended mode
**slides.tex
(./slides.tex
LaTeX2e <2003/12/01>
Babel <v3.8d> and hyphenation patterns for american, french, german, ngerman, b
ahasa, basque, bulgarian, catalan, croatian, czech, danish, dutch, esperanto, e
stonian, finnish, greek, icelandic, irish, italian, latin, magyar, norsk, polis
h, portuges, romanian, russian, serbian, slovak, slovene, spanish, swedish, tur
kish, ukrainian, nohyphenation, loaded.
(/usr/share/texmf/tex/latex/prosper/prosper.cls
Document Class: prosper 2003/03/20, v. 1.6
(c) 2000-2003 Frederic Goualard, IRIN, France
 and Peter Møller Neergaard, Boston Univ., USA
CVSId: $Id: prosper.cls,v 1.25 2003/02/21 18:32:56 exupery Exp $
(/usr/share/texmf-tetex/tex/latex/graphics/graphicx.sty
Package: graphicx 1999/02/16 v1.0f Enhanced LaTeX Graphics (DPC,SPQR)

(/usr/share/texmf-tetex/tex/latex/graphics/keyval.sty
Package: keyval 1999/03/16 v1.13 key=value parser (DPC)
\KV@toks@=\toks14
)
(/usr/share/texmf-tetex/tex/latex/graphics/graphics.sty
Package: graphics 2001/07/07 v1.0n Standard LaTeX Graphics (DPC,SPQR)

(/usr/share/texmf-tetex/tex/latex/graphics/trig.sty
Package: trig 1999/03/16 v1.09 sin cos tan (DPC)
)
(/usr/share/texmf-tetex/tex/latex/graphics/graphics.cfg
File: graphics.cfg 2005/02/03 v1.3 graphics configuration of teTeX/TeXLive
)
Package graphics Info: Driver file: dvips.def on input line 80.

(/usr/share/texmf-tetex/tex/latex/graphics/dvips.def
File: dvips.def 1999/02/16 v3.0i Driver-dependant file (DPC,SPQR)
))
\Gin@req@height=\dimen102
\Gin@req@width=\dimen103
)
(/usr/share/texmf-tetex/tex/latex/seminar/seminar.cls
Document Class: seminar 1997/10/13, 1.4
Document Style: `seminar' v1.4 <1997/10/13> (tvz)
\slidewidth=\dimen104
\slideheight=\dimen105
\footheight=\dimen106
(/usr/share/texmf-tetex/tex/latex/base/article.cls
Document Class: article 2004/02/16 v1.4f Standard LaTeX document class
(/usr/share/texmf-tetex/tex/latex/base/leqno.clo
File: leqno.clo 1998/08/17 v1.1c Standard LaTeX option (left equation numbers)
)
(/usr/share/texmf-tetex/tex/latex/base/size10.clo
File: size10.clo 2004/02/16 v1.4f Standard LaTeX file (size option)
)
\c@part=\count79
\c@section=\count80
\c@subsection=\count81
\c@subsubsection=\count82
\c@paragraph=\count83
\c@subparagraph=\count84
\c@figure=\count85
\c@table=\count86
\abovecaptionskip=\skip41
\belowcaptionskip=\skip42
\bibindent=\dimen107
)
(/usr/share/texmf-tetex/tex/latex/seminar/sem-page.sty)
\before@document=\toks15
\after@document=\toks16
\before@enddocument=\toks17
\c@slide=\count87
\slide@count=\count88
\@slidebox=\box26
\not@slidebox=\box27
\slide@hook=\toks18
\after@slide=\toks19
\slide@footins=\insert233
\slide@listdepth=\count89
\saved@specials=\box28
\before@newslide=\toks20
\after@slidepage=\toks21
\slidesep=\skip43
\c@note=\count90
\slideframewidth=\dimen108
\slideframesep=\dimen109
\semin=\dimen110
\semcm=\dimen111
)
(/usr/share/texmf-tetex/tex/latex/seminar/seminar.con)
(/usr/share/texmf-tetex/tex/latex/seminar/semcolor.sty
Style Option: `semcolor' for doc style `seminar' 1.01 <2004/05/18> (tvz)
File: semcolor.sty 2004/05/18 v1.01 (tvz)
(/usr/share/texmf-tetex/tex/latex/pstricks/pstricks.sty
Package: pstricks 2004/05/12 v0.2l LaTeX wrapper for `PSTricks' (RN,HV)

(/usr/share/texmf-tetex/tex/generic/pstricks/pstricks.tex
`PSTricks' v1.04  <2004/06/22> (tvz)
\pst@dima=\dimen112
\pst@dimb=\dimen113
\pst@dimc=\dimen114
\pst@dimd=\dimen115
\pst@dimg=\dimen116
\pst@dimh=\dimen117
\pst@hbox=\box29
\pst@boxg=\box30
\pst@cnta=\count91
\pst@cntb=\count92
\pst@cntc=\count93
\pst@cntd=\count94
\pst@cntg=\count95
\pst@cnth=\count96
\pst@toks=\toks22
(/usr/share/texmf-tetex/tex/generic/pstricks/pstricks.con)
\psunit=\dimen118
\psxunit=\dimen119
\psyunit=\dimen120
\pslinewidth=\dimen121
\pst@customdefs=\toks23
\pslinearc=\dimen122
\everypsbox=\toks24
\psframesep=\dimen123
\pslabelsep=\dimen124
\theoverlaybox=\box31
)
File: pstricks.tex 2004/06/22 v1.04 `PSTricks' (tvz)

(/usr/share/texmf-tetex/tex/latex/graphics/color.sty
Package: color 1999/02/16 v1.0i Standard LaTeX Color (DPC)

(/usr/share/texmf-tetex/tex/latex/graphics/color.cfg
File: color.cfg 2005/02/03 v1.3 color configuration of teTeX/TeXLive
)
Package color Info: Driver file: dvips.def on input line 125.

(/usr/share/texmf-tetex/tex/latex/graphics/dvipsnam.def
File: dvipsnam.def 1999/02/16 v3.0i Driver-dependant file (DPC,SPQR)
))))
(/usr/share/texmf-tetex/tex/latex/seminar/semlayer.sty
\@@slidebox=\box32
\c@overlay=\count97
)
(/usr/share/texmf-tetex/tex/latex/seminar/seminar.bug)
(/usr/share/texmf-tetex/tex/latex/seminar/seminar.bg2
seminar.bg2: various corrections for the Seminar document class added since sem
inar.bug (waiting Seminar 98)
(Version 1.7 of <May 22, 1998> (D.G.))
) (/usr/share/texmf/tex/latex/prosper/seminar-bg2-lepennec.fix)
(/usr/share/texmf-tetex/tex/latex/hyperref/hyperref.sty
Package: hyperref 2003/11/30 v6.74m Hypertext links for LaTeX
\@linkdim=\dimen125
\Hy@linkcounter=\count98
\Hy@pagecounter=\count99

(/usr/share/texmf-tetex/tex/latex/hyperref/pd1enc.def
File: pd1enc.def 2003/11/30 v6.74m Hyperref: PDFDocEncoding definition (HO)
)
(/usr/share/texmf-tetex/tex/latex/hyperref/hyperref.cfg
File: hyperref.cfg 2002/06/06 v1.2 hyperref configuration of TeXLive and teTeX
)
Package hyperref Info: Option `bookmarks' set `true' on input line 1830.
Package hyperref Info: Option `pdffitwindow' set `true' on input line 1830.
Package hyperref Info: Option `pdfcenterwindow' set `true' on input line 1830.
Package hyperref Info: Hyper figures OFF on input line 1880.
Package hyperref Info: Link nesting OFF on input line 1885.
Package hyperref Info: Hyper index ON on input line 1888.
Package hyperref Info: Plain pages ON on input line 1893.
Package hyperref Info: Backreferencing OFF on input line 1900.

Implicit mode ON; LaTeX internals redefined
Package hyperref Info: Bookmarks ON on input line 2004.
(/usr/share/texmf-tetex/tex/latex/url/url.sty
\Urlmuskip=\muskip10
Package: url 2004/03/15  ver 3.1  Verb mode for urls, etc.
)
LaTeX Info: Redefining \url on input line 2143.
\Fld@menulength=\count100
\Field@Width=\dimen126
\Fld@charsize=\dimen127
\Choice@toks=\toks25
\Field@toks=\toks26
Package hyperref Info: Hyper figures OFF on input line 2618.
Package hyperref Info: Link nesting OFF on input line 2623.
Package hyperref Info: Hyper index ON on input line 2626.
Package hyperref Info: backreferencing OFF on input line 2633.
Package hyperref Info: Link coloring OFF on input line 2638.
\c@Item=\count101
\c@Hfootnote=\count102
)
*hyperref using driver hdvips*
(/usr/share/texmf-tetex/tex/latex/hyperref/hdvips.def
File: hdvips.def 2003/11/30 v6.74m Hyperref driver for dvips

(/usr/share/texmf-tetex/tex/latex/hyperref/pdfmark.def
File: pdfmark.def 2003/11/30 v6.74m Hyperref definitions for pdfmark specials
\pdf@docset=\toks27
\pdf@box=\box33
\pdf@toks=\toks28
\pdf@defaulttoks=\toks29
\Fld@listcount=\count103
\@outlinefile=\write3
))
\theoverlays=\box34
\c@overlaysCount=\count104
\c@limitOverlays=\count105
\@tempoLimit=\count106
\slideWidth=\skip44
\c@trueSlideCounter=\count107
 (./PPRmulab.sty
Package: PPRmulab 2004/09/21

Politecnico di Milano -- Micro Architetture Laboratory (MuLAB) style for Prospe
r ---
(copyleft) 2004, Livio Dalloro
 
(/usr/share/texmf-tetex/tex/latex/amsfonts/amssymb.sty
Package: amssymb 2002/01/22 v2.2d

(/usr/share/texmf-tetex/tex/latex/amsfonts/amsfonts.sty
Package: amsfonts 2001/10/25 v2.2f
\@emptytoks=\toks30
\symAMSa=\mathgroup4
\symAMSb=\mathgroup5
LaTeX Font Info:    Overwriting math alphabet `\mathfrak' in version `bold'
(Font)                  U/euf/m/n --> U/euf/b/n on input line 132.
))
(/usr/share/texmf-tetex/tex/latex/pstricks/pst-grad.sty
Package: pst-grad 2004/07/15 package wrapper for pst-grad.tex

(/usr/share/texmf-tetex/tex/generic/pstricks/pst-grad.tex  v1.04, 2004/06/24
Package color Info: Redefining color gradbegin on input line 53.
Package color Info: Redefining color gradend on input line 57.
)
File: pst-grad.tex 2004/06/24 1.04 `pst-grad' (tvz)
)
\logoPOLIsmall=\box35
File: ./figures/logopoli_blue_mini.eps Graphic file (type eps)

<./figures/logopoli_blue_mini.eps>
\logoMULAB=\box36
File: ./figures/mulab.eps Graphic file (type eps)
 <./figures/mulab.eps>
LaTeX Font Info:    Try loading font information for T1+phv on input line 109.

(/usr/share/texmf-tetex/tex/latex/psnfss/t1phv.fd
File: t1phv.fd 2001/06/04 scalable font definitions for T1/phv.
)
LaTeX Font Info:    Font shape `T1/phv/b/it' in size <13> not available
(Font)              Font shape `T1/phv/b/sl' tried instead on input line 109.
LaTeX Font Info:    Try loading font information for T1+pcr on input line 115.

(/usr/share/texmf-tetex/tex/latex/psnfss/t1pcr.fd
File: t1pcr.fd 2001/06/04 font definitions for T1/pcr.
)
\MulabTitleLength=\skip45
)
\c@item@step=\count108
\c@overlay@page=\count109
\c@nbAffected=\count110
\c@savecountAffected=\count111
)
(/usr/share/texmf-tetex/tex/generic/babel/babel.sty
Package: babel 2004/11/20 v3.8d The Babel package

(/usr/share/texmf-tetex/tex/generic/babel/italian.ldf
Language: italian 2004/02/19 v1.2p Italian support from the babel system

(/usr/share/texmf-tetex/tex/generic/babel/babel.def
File: babel.def 2004/11/20 v3.8d Babel common definitions
\babel@savecnt=\count112
\U@D=\dimen128
)
Package babel Info: Making " an active character on input line 91.
))
(/usr/share/texmf-tetex/tex/latex/base/inputenc.sty
Package: inputenc 2004/02/05 v1.0d Input encoding file

(/usr/share/texmf-tetex/tex/latex/base/latin1.def
File: latin1.def 2004/02/05 v1.0d Input encoding file
))
(/usr/share/texmf-tetex/tex/latex/amsmath/amsmath.sty
Package: amsmath 2000/07/18 v2.13 AMS math features
\@mathmargin=\skip46

For additional information on amsmath, use the `?' option.
(/usr/share/texmf-tetex/tex/latex/amsmath/amstext.sty
Package: amstext 2000/06/29 v2.01

(/usr/share/texmf-tetex/tex/latex/amsmath/amsgen.sty
File: amsgen.sty 1999/11/30 v2.0
\@emptytoks=\toks31
\ex@=\dimen129
))
(/usr/share/texmf-tetex/tex/latex/amsmath/amsbsy.sty
Package: amsbsy 1999/11/29 v1.2d
\pmbraise@=\dimen130
)
(/usr/share/texmf-tetex/tex/latex/amsmath/amsopn.sty
Package: amsopn 1999/12/14 v2.01 operator names
)
\inf@bad=\count113
LaTeX Info: Redefining \frac on input line 211.
\uproot@=\count114
\leftroot@=\count115
LaTeX Info: Redefining \overline on input line 307.
\classnum@=\count116
\DOTSCASE@=\count117
LaTeX Info: Redefining \ldots on input line 379.
LaTeX Info: Redefining \dots on input line 382.
LaTeX Info: Redefining \cdots on input line 467.
\Mathstrutbox@=\box37
\strutbox@=\box38
\big@size=\dimen131
LaTeX Font Info:    Redeclaring font encoding OML on input line 567.
LaTeX Font Info:    Redeclaring font encoding OMS on input line 568.
\macc@depth=\count118
\c@MaxMatrixCols=\count119
\dotsspace@=\muskip11
\c@parentequation=\count120
\dspbrk@lvl=\count121
\tag@help=\toks32
\row@=\count122
\column@=\count123
\maxfields@=\count124
\andhelp@=\toks33
\eqnshift@=\dimen132
\alignsep@=\dimen133
\tagshift@=\dimen134
\tagwidth@=\dimen135
\totwidth@=\dimen136
\lineht@=\dimen137
\@envbody=\toks34
\multlinegap=\skip47
\multlinetaggap=\skip48
\mathdisplay@stack=\toks35
LaTeX Info: Redefining \[ on input line 2666.
LaTeX Info: Redefining \] on input line 2667.
)
(/usr/share/texmf-tetex/tex/latex/rotating/rotating.sty
Package: rotating 1997/09/26 v2.13 Rotation package

(/usr/share/texmf-tetex/tex/latex/base/ifthen.sty
Package: ifthen 2001/05/26 v1.1c Standard LaTeX ifthen package (DPC)
)
\c@r@tfl@t=\count125
\rot@float@box=\box39
)
(/usr/share/texmf-tetex/tex/latex/natbib/natbib.sty
Package: natbib 2003/06/06 7.1 (PWD)
\bibhang=\skip49
\bibsep=\skip50
LaTeX Info: Redefining \cite on input line 518.
\c@NAT@ctr=\count126
)
(/usr/share/texmf-tetex/tex/latex/tools/xspace.sty
Package: xspace 1997/10/13 v1.06 Space after command names (DPC)
)
(/usr/share/texmf-tetex/tex/latex/tools/verbatim.sty
Package: verbatim 2003/08/22 v1.5q LaTeX2e package for verbatim enhancements
\every@verbatim=\toks36
\verbatim@line=\toks37
\verbatim@in@stream=\read1
)
(/usr/share/texmf-tetex/tex/latex/pstricks/pst-node.sty
Package: pst-node 2004/07/15 package wrapper for pst-node.tex

(/usr/share/texmf-tetex/tex/generic/pstricks/pst-node.tex
 v97 patch 11, 2000/11/09
\psrow=\count127
\pscol=\count128
\psmatrixcnt=\count129
\psrowsep=\skip51
\pscolsep=\skip52
)
File: pst-node.tex 2000/11/09 97 patch 11 `pst-node' (tvz)
)
(/usr/share/texmf-tetex/tex/latex/pstricks/pst-text.sty
Package: pst-text 2004/07/15 package wrapper for pst-text.tex

(/usr/share/texmf-tetex/tex/generic/pstricks/pst-text.tex  v97, 1997/03/25)
File: pst-text.tex 1997/03/25 97 `pst-text' (tvz)
)
(/usr/share/texmf-tetex/tex/latex/pstricks/pst-3d.sty
Package: pst-3d 2004/07/15 package wrapper for pst-3d.tex

(/usr/share/texmf-tetex/tex/generic/pstricks/pst-3d.tex  v97, 1997/03/25)
File: pst-3d.tex 1997/03/25 97 `pst-3d' (tvz)
)
(/usr/share/texmf-tetex/tex/latex/subfigure/subfigure.sty
Package: subfigure 2002/07/30 v2.1.4 subfigure package
\subfigtopskip=\skip53
\subfigcapskip=\skip54
\subfigcaptopadj=\dimen138
\subfigbottomskip=\skip55
\subfigcapmargin=\dimen139
\subfiglabelskip=\skip56
\c@subfigure=\count130
\c@lofdepth=\count131
\c@subtable=\count132
\c@lotdepth=\count133

****************************************
* Local config file subfigure.cfg used *
****************************************
(/usr/share/texmf-tetex/tex/latex/subfigure/subfigure.cfg)
\subfig@top=\skip57
\subfig@bottom=\skip58
) (./slides.aux
(./obiettivo.aux) (./scheduling.aux) (./scheduling2.aux) (./original.aux)
(./dati.aux) (./forza.aux) (./estensioni.aux) (./limiti.aux)
(./eleModifiche.aux) (./modForza.aux) (./modForza2.aux) (./nextassign.aux)
(./complessita.aux) (./motivazioni.aux) (./modVincoli.aux) (./tree.aux)
(./modBinding.aux) (./bench0.aux) (./bench1.aux) (./bench4.aux) (./bench2.aux)
(./bench3.aux) (./concl.aux))
\openout1 = `slides.aux'.

LaTeX Font Info:    Checking defaults for OML/cmm/m/it on input line 54.
LaTeX Font Info:    ... okay on input line 54.
LaTeX Font Info:    Checking defaults for T1/cmr/m/n on input line 54.
LaTeX Font Info:    ... okay on input line 54.
LaTeX Font Info:    Checking defaults for OT1/cmr/m/n on input line 54.
LaTeX Font Info:    ... okay on input line 54.
LaTeX Font Info:    Checking defaults for OMS/cmsy/m/n on input line 54.
LaTeX Font Info:    ... okay on input line 54.
LaTeX Font Info:    Checking defaults for OMX/cmex/m/n on input line 54.
LaTeX Font Info:    ... okay on input line 54.
LaTeX Font Info:    Checking defaults for U/cmr/m/n on input line 54.
LaTeX Font Info:    ... okay on input line 54.
LaTeX Font Info:    Checking defaults for PD1/pdf/m/n on input line 54.
LaTeX Font Info:    ... okay on input line 54.
LaTeX Font Info:    Checking defaults for OT2/cmr/m/n on input line 54.
LaTeX Font Info:    Try loading font information for OT2+cmr on input line 54.

(/usr/share/texmf-tetex/tex/latex/cyrillic/ot2cmr.fd
File: ot2cmr.fd 2001/08/11 v3.2c Computer Modern Cyrillic font definitions
)
LaTeX Font Info:    ... okay on input line 54.
Package hyperref Info: Link coloring OFF on input line 54.

(/usr/share/texmf-tetex/tex/latex/hyperref/nameref.sty
Package: nameref 2003/12/03 v2.21 Cross-referencing by name of section
\c@section@level=\count134
)
LaTeX Info: Redefining \ref on input line 54.
LaTeX Info: Redefining \pageref on input line 54.
 (./slides.out)
(./slides.out)
\openout3 = `slides.out'.

File: ./figures/logopoli_blue_mini.eps Graphic file (type eps)
 <./figures/logopoli_blue_mini.eps>
File: ./figures/mulab.eps Graphic file (type eps)
 <./figures/mulab.eps>
LaTeX Font Info:    Try loading font information for U+msa on input line 56.

(/usr/share/texmf-tetex/tex/latex/amsfonts/umsa.fd
File: umsa.fd 2002/01/19 v2.2g AMS font definitions
)
LaTeX Font Info:    Try loading font information for U+msb on input line 56.

(/usr/share/texmf-tetex/tex/latex/amsfonts/umsb.fd
File: umsb.fd 2002/01/19 v2.2g AMS font definitions
) [1


]
\openout2 = `obiettivo.aux'.

 (./obiettivo.tex
Underfull \hbox (badness 10000) in paragraph at lines 1--1

 []

[2


])
\openout2 = `scheduling.aux'.

 (./scheduling.tex
Underfull \hbox (badness 10000) in paragraph at lines 1--1

 []

[3



])
\openout2 = `scheduling2.aux'.

 (./scheduling2.tex
Underfull \hbox (badness 10000) in paragraph at lines 1--1

 []

LaTeX Font Info:    Font shape `T1/phv/bx/n' in size <11> not available
(Font)              Font shape `T1/phv/b/n' tried instead on input line 3.
LaTeX Font Info:    Calculating math sizes for size <11> on input line 3.

LaTeX Font Warning: Font shape `OT1/cmr/m/n' in size <5.5> not available
(Font)              size <5> substituted on input line 3.


LaTeX Font Warning: Font shape `OML/cmm/m/it' in size <5.5> not available
(Font)              size <5> substituted on input line 3.


LaTeX Font Warning: Font shape `OMS/cmsy/m/n' in size <5.5> not available
(Font)              size <5> substituted on input line 3.


LaTeX Font Warning: Font shape `U/msa/m/n' in size <5.5> not available
(Font)              size <5> substituted on input line 3.


LaTeX Font Warning: Font shape `U/msb/m/n' in size <5.5> not available
(Font)              size <5> substituted on input line 3.

[4



])
\openout2 = `original.aux'.

 (./original.tex
Underfull \hbox (badness 10000) in paragraph at lines 1--1

 []

[5



])
\openout2 = `dati.aux'.

 (./dati.tex
Underfull \hbox (badness 10000) in paragraph at lines 1--1

 []

LaTeX Font Info:    Font shape `T1/phv/m/it' in size <11> not available
(Font)              Font shape `T1/phv/m/sl' tried instead on input line 3.
[6



])
\openout2 = `forza.aux'.

 (./forza.tex
Underfull \hbox (badness 10000) in paragraph at lines 1--1

 []

[7



])
\openout2 = `estensioni.aux'.

 (./estensioni.tex
Underfull \hbox (badness 10000) in paragraph at lines 1--1

 []

[8



])
\openout2 = `limiti.aux'.

 (./limiti.tex
Underfull \hbox (badness 10000) in paragraph at lines 1--1

 []

File: figures/Diagram1.eps Graphic file (type eps)
<figures/Diagram1.eps>
File: figures/Diagram3.eps Graphic file (type eps)
 <figures/Diagram3.eps>
File: figures/Diagram5.eps Graphic file (type eps)
 <figures/Diagram5.eps>
File: figures/Diagram7.eps Graphic file (type eps)

<figures/Diagram7.eps> [9



])
\openout2 = `eleModifiche.aux'.

 (./eleModifiche.tex
Underfull \hbox (badness 10000) in paragraph at lines 1--1

 []

[10



])
\openout2 = `modForza.aux'.

 (./modForza.tex
Underfull \hbox (badness 10000) in paragraph at lines 1--1

 []

[11



])
\openout2 = `modForza2.aux'.

 (./modForza2.tex
Underfull \hbox (badness 10000) in paragraph at lines 1--1

 []

[12



])
\openout2 = `nextassign.aux'.

 (./nextassign.tex
Underfull \hbox (badness 10000) in paragraph at lines 1--1

 []

[13



])
\openout2 = `complessita.aux'.

 (./complessita.tex
Underfull \hbox (badness 10000) in paragraph at lines 1--1

 []

[14



])
\openout2 = `motivazioni.aux'.

 (./motivazioni.tex
Underfull \hbox (badness 10000) in paragraph at lines 1--1

 []

[15



])
\openout2 = `modVincoli.aux'.

 (./modVincoli.tex
Underfull \hbox (badness 10000) in paragraph at lines 1--1

 []

[16



])
\openout2 = `tree.aux'.

 (./tree.tex
Underfull \hbox (badness 10000) in paragraph at lines 1--1

 []

[17



])
\openout2 = `modBinding.aux'.

 (./modBinding.tex
Underfull \hbox (badness 10000) in paragraph at lines 1--1

 []

[18



])
\openout2 = `bench0.aux'.

 (./bench0.tex
Underfull \hbox (badness 10000) in paragraph at lines 1--1

 []

[19



])
\openout2 = `bench1.aux'.

 (./bench1.tex
Underfull \hbox (badness 10000) in paragraph at lines 1--1

 []

[20



])
\openout2 = `bench4.aux'.

 (./bench4.tex
Underfull \hbox (badness 10000) in paragraph at lines 1--1

 []

[21



])
\openout2 = `bench2.aux'.

 (./bench2.tex
Underfull \hbox (badness 10000) in paragraph at lines 1--1

 []

[22



])
\openout2 = `bench3.aux'.

 (./bench3.tex
Underfull \hbox (badness 10000) in paragraph at lines 1--1

 []

[23



])
\openout2 = `concl.aux'.

 (./concl.tex
Underfull \hbox (badness 10000) in paragraph at lines 1--1

 []

[24



]) (./slides.aux (./obiettivo.aux) (./scheduling.aux) (./scheduling2.aux)
(./original.aux) (./dati.aux) (./forza.aux) (./estensioni.aux) (./limiti.aux)
(./eleModifiche.aux) (./modForza.aux) (./modForza2.aux) (./nextassign.aux)
(./complessita.aux) (./motivazioni.aux) (./modVincoli.aux) (./tree.aux)
(./modBinding.aux) (./bench0.aux) (./bench1.aux) (./bench4.aux) (./bench2.aux)
(./bench3.aux) (./concl.aux))

LaTeX Font Warning: Size substitutions with differences
(Font)              up to 0.5pt have occurred.

 ) 
Here is how much of TeX's memory you used:
 6539 strings out of 94501
 83638 string characters out of 1175812
 177347 words of memory out of 1000000
 9406 multiletter control sequences out of 10000+50000
 39342 words of font info for 61 fonts, out of 500000 for 2000
 580 hyphenation exceptions out of 8191
 39i,11n,28p,292b,775s stack positions out of 1500i,500n,5000p,200000b,5000s

Output written on slides.dvi (24 pages, 115160 bytes).
